<?xml version='1.0'?>
<!DOCTYPE coverage SYSTEM "http://cobertura.sourceforge.net/xml/coverage-04.dtd">
<!-- Generated by simplecov-cobertura version 2.1.0 (https://github.com/dashingrocket/simplecov-cobertura) -->
<coverage line-rate="0.48" lines-covered="12" lines-valid="25" complexity="0" version="0" timestamp="1741273930">
  <sources>
    <source>/Users/james/Projects/resolute-fitness</source>
  </sources>
  <packages>
    <package name="Controllers" line-rate="0.88" complexity="0">
      <classes>
        <class name="application_controller" filename="app/controllers/application_controller.rb" line-rate="0.83" complexity="0">
          <methods/>
          <lines>
            <line number="3" hits="1"/>
            <line number="4" hits="1"/>
            <line number="6" hits="1"/>
            <line number="8" hits="1"/>
            <line number="10" hits="1"/>
            <line number="11" hits="0"/>
          </lines>
        </class>
        <class name="home_controller" filename="app/controllers/home_controller.rb" line-rate="1.0" complexity="0">
          <methods/>
          <lines>
            <line number="3" hits="1"/>
            <line number="4" hits="1"/>
          </lines>
        </class>
      </classes>
    </package>
    <package name="Models" line-rate="1.0" complexity="0">
      <classes>
        <class name="application_record" filename="app/models/application_record.rb" line-rate="1.0" complexity="0">
          <methods/>
          <lines>
            <line number="3" hits="1"/>
            <line number="4" hits="1"/>
          </lines>
        </class>
        <class name="user" filename="app/models/user.rb" line-rate="1.0" complexity="0">
          <methods/>
          <lines>
            <line number="3" hits="1"/>
            <line number="6" hits="1"/>
          </lines>
        </class>
      </classes>
    </package>
    <package name="Mailers" line-rate="0.0" complexity="0">
      <classes>
        <class name="application_mailer" filename="app/mailers/application_mailer.rb" line-rate="0.0" complexity="0">
          <methods/>
          <lines>
            <line number="3" hits="0"/>
            <line number="4" hits="0"/>
            <line number="5" hits="0"/>
            <line number="6" hits="0"/>
          </lines>
        </class>
      </classes>
    </package>
    <package name="Helpers" line-rate="1.0" complexity="0">
      <classes>
        <class name="application_helper" filename="app/helpers/application_helper.rb" line-rate="1.0" complexity="0">
          <methods/>
          <lines>
            <line number="3" hits="1"/>
          </lines>
        </class>
      </classes>
    </package>
    <package name="Jobs" line-rate="0.0" complexity="0">
      <classes>
        <class name="application_job" filename="app/jobs/application_job.rb" line-rate="0.0" complexity="0">
          <methods/>
          <lines>
            <line number="3" hits="0"/>
            <line number="9" hits="0"/>
          </lines>
        </class>
      </classes>
    </package>
    <package name="Libraries" line-rate="0.0" complexity="0">
      <classes>
        <class name="rake_announcer" filename="lib/rake_announcer.rb" line-rate="0.0" complexity="0">
          <methods/>
          <lines>
            <line number="3" hits="0"/>
            <line number="5" hits="0"/>
            <line number="6" hits="0"/>
            <line number="7" hits="0"/>
            <line number="8" hits="0"/>
            <line number="9" hits="0"/>
          </lines>
        </class>
      </classes>
    </package>
  </packages>
</coverage>